{"/root/git/lusk.co/src/App.css": {"path":"/root/git/lusk.co/src/App.css","statementMap":{},"fnMap":{},"branchMap":{},"s":{},"f":{},"b":{},"meta":{"lastBranch":0,"lastFunction":0,"lastStatement":0,"seen":{}}}
,"/root/git/lusk.co/src/App.jsx": {"path":"/root/git/lusk.co/src/App.jsx","statementMap":{"0":{"start":{"line":6,"column":17},"end":{"line":27,"column":null}},"1":{"start":{"line":30,"column":2},"end":{"line":108,"column":null}},"2":{"start":{"line":83,"column":14},"end":{"line":95,"column":null}}},"fnMap":{"0":{"name":"App","decl":{"start":{"line":29,"column":9},"end":{"line":29,"column":15}},"loc":{"start":{"line":29,"column":15},"end":{"line":110,"column":null}},"line":29},"1":{"name":"(anonymous_1)","decl":{"start":{"line":82,"column":26},"end":{"line":82,"column":27}},"loc":{"start":{"line":83,"column":14},"end":{"line":95,"column":null}},"line":83}},"branchMap":{},"s":{"0":1,"1":2,"2":8},"f":{"0":2,"1":8},"b":{},"meta":{"lastBranch":0,"lastFunction":2,"lastStatement":3,"seen":{"s:6:17:27:Infinity":0,"f:29:9:29:15":0,"s:30:2:108:Infinity":1,"f:82:26:82:27":1,"s:83:14:95:Infinity":2}}}
}
